2022-04-15 18:00:57.606  INFO 5256 --- [restartedMain] c.s.workers.crudapi.Application          : Starting Application using Java 17.0.2 on AsusVivoBook with PID 5256 (D:\Wiley Mthree\8 Spring\Tasks\17\target\classes started by Lalit Kumar in D:\Wiley Mthree\8 Spring\Tasks\17)
2022-04-15 18:00:57.608  INFO 5256 --- [restartedMain] c.s.workers.crudapi.Application          : No active profile set, falling back to 1 default profile: "default"
2022-04-15 18:00:57.642  INFO 5256 --- [restartedMain] .e.DevToolsPropertyDefaultsPostProcessor : Devtools property defaults active! Set 'spring.devtools.add-properties' to 'false' to disable
2022-04-15 18:00:57.642  INFO 5256 --- [restartedMain] .e.DevToolsPropertyDefaultsPostProcessor : For additional web related logging consider setting the 'logging.level.web' property to 'DEBUG'
2022-04-15 18:00:58.984  INFO 5256 --- [restartedMain] o.s.b.w.embedded.tomcat.TomcatWebServer  : Tomcat initialized with port(s): 8080 (http)
2022-04-15 18:00:58.991  INFO 5256 --- [restartedMain] o.apache.catalina.core.StandardService   : Starting service [Tomcat]
2022-04-15 18:00:58.991  INFO 5256 --- [restartedMain] org.apache.catalina.core.StandardEngine  : Starting Servlet engine: [Apache Tomcat/9.0.60]
2022-04-15 18:00:59.029  INFO 5256 --- [restartedMain] o.a.c.c.C.[Tomcat].[localhost].[/]       : Initializing Spring embedded WebApplicationContext
2022-04-15 18:00:59.029  INFO 5256 --- [restartedMain] w.s.c.ServletWebServerApplicationContext : Root WebApplicationContext: initialization completed in 1381 ms
2022-04-15 18:00:59.588  INFO 5256 --- [restartedMain] o.s.b.d.a.OptionalLiveReloadServer       : LiveReload server is running on port 35729
2022-04-15 18:00:59.631  INFO 5256 --- [restartedMain] o.s.b.w.embedded.tomcat.TomcatWebServer  : Tomcat started on port(s): 8080 (http) with context path ''
2022-04-15 18:00:59.643  INFO 5256 --- [restartedMain] c.s.workers.crudapi.Application          : Started Application in 2.281 seconds (JVM running for 2.956)
2022-04-15 18:06:11.768  INFO 5256 --- [http-nio-8080-exec-1] o.a.c.c.C.[Tomcat].[localhost].[/]       : Initializing Spring DispatcherServlet 'dispatcherServlet'
2022-04-15 18:06:11.768  INFO 5256 --- [http-nio-8080-exec-1] o.s.web.servlet.DispatcherServlet        : Initializing Servlet 'dispatcherServlet'
2022-04-15 18:06:11.769  INFO 5256 --- [http-nio-8080-exec-1] o.s.web.servlet.DispatcherServlet        : Completed initialization in 1 ms
2022-04-15 18:11:42.322  WARN 5256 --- [http-nio-8080-exec-5] .w.s.m.s.DefaultHandlerExceptionResolver : Resolved [org.springframework.web.HttpRequestMethodNotSupportedException: Request method 'POST' not supported]
2022-04-15 18:13:12.618  INFO 5256 --- [RMI TCP Connection(23)-127.0.0.1] inMXBeanRegistrar$SpringApplicationAdmin : Application shutdown requested.
2022-04-15 18:13:17.557  INFO 2960 --- [restartedMain] c.s.workers.crudapi.Application          : Starting Application using Java 17.0.2 on AsusVivoBook with PID 2960 (D:\Wiley Mthree\8 Spring\Tasks\17\target\classes started by Lalit Kumar in D:\Wiley Mthree\8 Spring\Tasks\17)
2022-04-15 18:13:17.557  INFO 2960 --- [restartedMain] c.s.workers.crudapi.Application          : No active profile set, falling back to 1 default profile: "default"
2022-04-15 18:13:17.584  INFO 2960 --- [restartedMain] .e.DevToolsPropertyDefaultsPostProcessor : Devtools property defaults active! Set 'spring.devtools.add-properties' to 'false' to disable
2022-04-15 18:13:17.584  INFO 2960 --- [restartedMain] .e.DevToolsPropertyDefaultsPostProcessor : For additional web related logging consider setting the 'logging.level.web' property to 'DEBUG'
2022-04-15 18:13:18.307  INFO 2960 --- [restartedMain] o.s.b.w.embedded.tomcat.TomcatWebServer  : Tomcat initialized with port(s): 8080 (http)
2022-04-15 18:13:18.313  INFO 2960 --- [restartedMain] o.apache.catalina.core.StandardService   : Starting service [Tomcat]
2022-04-15 18:13:18.313  INFO 2960 --- [restartedMain] org.apache.catalina.core.StandardEngine  : Starting Servlet engine: [Apache Tomcat/9.0.60]
2022-04-15 18:13:18.346  INFO 2960 --- [restartedMain] o.a.c.c.C.[Tomcat].[localhost].[/]       : Initializing Spring embedded WebApplicationContext
2022-04-15 18:13:18.346  INFO 2960 --- [restartedMain] w.s.c.ServletWebServerApplicationContext : Root WebApplicationContext: initialization completed in 761 ms
2022-04-15 18:13:18.725  INFO 2960 --- [restartedMain] o.s.b.d.a.OptionalLiveReloadServer       : LiveReload server is running on port 35729
2022-04-15 18:13:18.744  INFO 2960 --- [restartedMain] o.s.b.w.embedded.tomcat.TomcatWebServer  : Tomcat started on port(s): 8080 (http) with context path ''
2022-04-15 18:13:18.749  INFO 2960 --- [restartedMain] c.s.workers.crudapi.Application          : Started Application in 1.402 seconds (JVM running for 1.817)
2022-04-15 18:14:47.847  INFO 2960 --- [http-nio-8080-exec-1] o.a.c.c.C.[Tomcat].[localhost].[/]       : Initializing Spring DispatcherServlet 'dispatcherServlet'
2022-04-15 18:14:47.847  INFO 2960 --- [http-nio-8080-exec-1] o.s.web.servlet.DispatcherServlet        : Initializing Servlet 'dispatcherServlet'
2022-04-15 18:14:47.848  INFO 2960 --- [http-nio-8080-exec-1] o.s.web.servlet.DispatcherServlet        : Completed initialization in 1 ms
2022-04-15 18:14:47.860  WARN 2960 --- [http-nio-8080-exec-1] .w.s.m.s.DefaultHandlerExceptionResolver : Resolved [org.springframework.web.HttpRequestMethodNotSupportedException: Request method 'POST' not supported]
2022-04-15 18:17:17.934  WARN 2960 --- [http-nio-8080-exec-4] .w.s.m.s.DefaultHandlerExceptionResolver : Resolved [org.springframework.web.HttpRequestMethodNotSupportedException: Request method 'POST' not supported]
2022-04-15 18:35:39.318  WARN 2960 --- [http-nio-8080-exec-7] .w.s.m.s.DefaultHandlerExceptionResolver : Resolved [org.springframework.web.HttpRequestMethodNotSupportedException: Request method 'POST' not supported]
2022-04-15 18:36:41.190  WARN 2960 --- [http-nio-8080-exec-10] .w.s.m.s.DefaultHandlerExceptionResolver : Resolved [org.springframework.web.HttpRequestMethodNotSupportedException: Request method 'POST' not supported]
2022-04-15 18:37:52.564  WARN 2960 --- [http-nio-8080-exec-4] .w.s.m.s.DefaultHandlerExceptionResolver : Resolved [org.springframework.web.HttpRequestMethodNotSupportedException: Request method 'POST' not supported]
2022-04-15 18:38:18.194  WARN 2960 --- [http-nio-8080-exec-6] .w.s.m.s.DefaultHandlerExceptionResolver : Resolved [org.springframework.web.HttpRequestMethodNotSupportedException: Request method 'POST' not supported]
2022-04-15 18:57:04.699  WARN 2960 --- [http-nio-8080-exec-7] .w.s.m.s.DefaultHandlerExceptionResolver : Resolved [org.springframework.web.HttpRequestMethodNotSupportedException: Request method 'POST' not supported]
2022-04-15 19:01:01.220  WARN 2960 --- [http-nio-8080-exec-2] .w.s.m.s.DefaultHandlerExceptionResolver : Resolved [org.springframework.web.HttpRequestMethodNotSupportedException: Request method 'POST' not supported]
2022-04-15 19:02:41.198  WARN 2960 --- [http-nio-8080-exec-4] .w.s.m.s.DefaultHandlerExceptionResolver : Resolved [org.springframework.web.HttpRequestMethodNotSupportedException: Request method 'POST' not supported]
2022-04-15 19:03:04.915  WARN 2960 --- [http-nio-8080-exec-6] .w.s.m.s.DefaultHandlerExceptionResolver : Resolved [org.springframework.web.HttpRequestMethodNotSupportedException: Request method 'POST' not supported]
2022-04-15 19:04:40.738  WARN 2960 --- [http-nio-8080-exec-8] .w.s.m.s.DefaultHandlerExceptionResolver : Resolved [org.springframework.web.HttpRequestMethodNotSupportedException: Request method 'POST' not supported]
2022-04-15 19:04:54.730  WARN 2960 --- [http-nio-8080-exec-9] .w.s.m.s.DefaultHandlerExceptionResolver : Resolved [org.springframework.web.HttpRequestMethodNotSupportedException: Request method 'POST' not supported]
2022-04-15 19:05:00.155  WARN 2960 --- [http-nio-8080-exec-10] .w.s.m.s.DefaultHandlerExceptionResolver : Resolved [org.springframework.web.HttpRequestMethodNotSupportedException: Request method 'POST' not supported]
2022-04-15 19:05:14.284  WARN 2960 --- [http-nio-8080-exec-2] .w.s.m.s.DefaultHandlerExceptionResolver : Resolved [org.springframework.web.method.annotation.MethodArgumentTypeMismatchException: Failed to convert value of type 'java.lang.String' to required type 'int'; nested exception is java.lang.NumberFormatException: For input string: "createByForm"]
2022-04-15 19:05:18.764  WARN 2960 --- [http-nio-8080-exec-3] .w.s.m.s.DefaultHandlerExceptionResolver : Resolved [org.springframework.web.HttpRequestMethodNotSupportedException: Request method 'POST' not supported]
2022-04-15 19:08:08.369  WARN 2960 --- [http-nio-8080-exec-1] .w.s.m.s.DefaultHandlerExceptionResolver : Resolved [org.springframework.web.HttpRequestMethodNotSupportedException: Request method 'POST' not supported]
2022-04-15 19:13:05.604  WARN 2960 --- [http-nio-8080-exec-4] .w.s.m.s.DefaultHandlerExceptionResolver : Resolved [org.springframework.web.HttpRequestMethodNotSupportedException: Request method 'POST' not supported]
2022-04-15 19:13:22.548  WARN 2960 --- [http-nio-8080-exec-7] .w.s.m.s.DefaultHandlerExceptionResolver : Resolved [org.springframework.web.method.annotation.MethodArgumentTypeMismatchException: Failed to convert value of type 'java.lang.String' to required type 'int'; nested exception is java.lang.NumberFormatException: For input string: "createByForm"]
2022-04-15 19:15:53.160  WARN 2960 --- [http-nio-8080-exec-10] .w.s.m.s.DefaultHandlerExceptionResolver : Resolved [org.springframework.web.HttpRequestMethodNotSupportedException: Request method 'POST' not supported]
2022-04-15 19:16:13.051  WARN 2960 --- [http-nio-8080-exec-2] .w.s.m.s.DefaultHandlerExceptionResolver : Resolved [org.springframework.web.HttpRequestMethodNotSupportedException: Request method 'POST' not supported]
2022-04-15 19:16:32.610  WARN 2960 --- [http-nio-8080-exec-4] .w.s.m.s.DefaultHandlerExceptionResolver : Resolved [org.springframework.web.HttpRequestMethodNotSupportedException: Request method 'POST' not supported]
2022-04-15 19:16:38.206  WARN 2960 --- [http-nio-8080-exec-7] .w.s.m.s.DefaultHandlerExceptionResolver : Resolved [org.springframework.web.HttpRequestMethodNotSupportedException: Request method 'POST' not supported]
2022-04-15 19:22:30.524  WARN 2960 --- [http-nio-8080-exec-10] .w.s.m.s.DefaultHandlerExceptionResolver : Resolved [org.springframework.web.HttpRequestMethodNotSupportedException: Request method 'POST' not supported]
2022-04-15 19:29:49.969  WARN 2960 --- [http-nio-8080-exec-3] .w.s.m.s.DefaultHandlerExceptionResolver : Resolved [org.springframework.web.HttpRequestMethodNotSupportedException: Request method 'POST' not supported]
2022-04-15 19:30:22.179  INFO 2960 --- [RMI TCP Connection(85)-127.0.0.1] inMXBeanRegistrar$SpringApplicationAdmin : Application shutdown requested.
2022-04-15 20:01:58.522  INFO 15044 --- [main] c.s.workers.crudapi.ApplicationTests     : Starting ApplicationTests using Java 17.0.2 on AsusVivoBook with PID 15044 (started by Lalit Kumar in D:\Wiley Mthree\8 Spring\Tasks\17)
2022-04-15 20:01:58.541  INFO 15044 --- [main] c.s.workers.crudapi.ApplicationTests     : No active profile set, falling back to 1 default profile: "default"
2022-04-15 20:01:59.803  INFO 15044 --- [main] c.s.workers.crudapi.ApplicationTests     : Started ApplicationTests in 1.831 seconds (JVM running for 2.38)
